Dec-05 11:37:10.931 [main] DEBUG nextflow.cli.Launcher - $> /home/cedric/.local/bin/nextflow run 16S-pipeline -profile local
Dec-05 11:37:11.056 [main] INFO  nextflow.cli.CmdRun - N E X T F L O W  ~  version 18.10.1
Dec-05 11:37:11.149 [main] DEBUG nextflow.scm.AssetManager - Listing projects in folder: /home/cedric/.nextflow/assets
Dec-05 11:37:11.165 [main] INFO  nextflow.cli.CmdRun - Pulling nextflow-io/16S-pipeline ...
Dec-05 11:37:11.167 [main] DEBUG nextflow.scm.RepositoryProvider - Request [credentials -:-] -> https://api.github.com/repos/nextflow-io/16S-pipeline/contents/nextflow.config
Dec-05 11:37:11.876 [main] DEBUG nextflow.scm.AssetManager - Project manifest does not exist: https://api.github.com/repos/nextflow-io/16S-pipeline/contents/nextflow.config
Dec-05 11:37:11.884 [main] DEBUG nextflow.scm.RepositoryProvider - Request [credentials -:-] -> https://api.github.com/repos/nextflow-io/16S-pipeline/contents/main.nf
Dec-05 11:37:12.200 [main] DEBUG nextflow.scm.RepositoryProvider - Request [credentials -:-] -> https://api.github.com/repos/nextflow-io/16S-pipeline
Dec-05 11:37:12.524 [main] DEBUG nextflow.cli.Launcher - Operation aborted
java.io.FileNotFoundException: https://api.github.com/repos/nextflow-io/16S-pipeline
	at sun.reflect.NativeConstructorAccessorImpl.newInstance0(Native Method)
	at sun.reflect.NativeConstructorAccessorImpl.newInstance(NativeConstructorAccessorImpl.java:62)
	at sun.reflect.DelegatingConstructorAccessorImpl.newInstance(DelegatingConstructorAccessorImpl.java:45)
	at java.lang.reflect.Constructor.newInstance(Constructor.java:423)
	at sun.net.www.protocol.http.HttpURLConnection$10.run(HttpURLConnection.java:1944)
	at sun.net.www.protocol.http.HttpURLConnection$10.run(HttpURLConnection.java:1939)
	at java.security.AccessController.doPrivileged(Native Method)
	at sun.net.www.protocol.http.HttpURLConnection.getChainedException(HttpURLConnection.java:1938)
	at sun.net.www.protocol.http.HttpURLConnection.getInputStream0(HttpURLConnection.java:1508)
	at sun.net.www.protocol.http.HttpURLConnection.getInputStream(HttpURLConnection.java:1492)
	at sun.net.www.protocol.https.HttpsURLConnectionImpl.getInputStream(HttpsURLConnectionImpl.java:263)
	at nextflow.scm.RepositoryProvider.invoke(RepositoryProvider.groovy:109)
	at nextflow.scm.RepositoryProvider.memoizedMethodPriv$invokeAndParseResponseString(RepositoryProvider.groovy:170)
	at sun.reflect.NativeMethodAccessorImpl.invoke0(Native Method)
	at sun.reflect.NativeMethodAccessorImpl.invoke(NativeMethodAccessorImpl.java:62)
	at sun.reflect.DelegatingMethodAccessorImpl.invoke(DelegatingMethodAccessorImpl.java:43)
	at java.lang.reflect.Method.invoke(Method.java:498)
	at org.codehaus.groovy.reflection.CachedMethod.invoke(CachedMethod.java:104)
	at groovy.lang.MetaMethod.doMethodInvoke(MetaMethod.java:326)
	at groovy.lang.MetaClassImpl.invokeMethod(MetaClassImpl.java:1235)
	at groovy.lang.MetaClassImpl.invokeMethod(MetaClassImpl.java:1041)
	at org.codehaus.groovy.runtime.InvokerHelper.invokePogoMethod(InvokerHelper.java:1011)
	at org.codehaus.groovy.runtime.InvokerHelper.invokeMethod(InvokerHelper.java:994)
	at org.codehaus.groovy.runtime.InvokerHelper.invokeMethodSafe(InvokerHelper.java:97)
	at nextflow.scm.RepositoryProvider$_closure1.doCall(RepositoryProvider.groovy)
	at sun.reflect.NativeMethodAccessorImpl.invoke0(Native Method)
	at sun.reflect.NativeMethodAccessorImpl.invoke(NativeMethodAccessorImpl.java:62)
	at sun.reflect.DelegatingMethodAccessorImpl.invoke(DelegatingMethodAccessorImpl.java:43)
	at java.lang.reflect.Method.invoke(Method.java:498)
	at org.codehaus.groovy.reflection.CachedMethod.invoke(CachedMethod.java:104)
	at groovy.lang.MetaMethod.doMethodInvoke(MetaMethod.java:326)
	at org.codehaus.groovy.runtime.metaclass.ClosureMetaClass.invokeMethod(ClosureMetaClass.java:264)
	at groovy.lang.MetaClassImpl.invokeMethod(MetaClassImpl.java:1041)
	at groovy.lang.Closure.call(Closure.java:411)
	at org.codehaus.groovy.runtime.memoize.Memoize$MemoizeFunction$1.provide(Memoize.java:139)
	at org.codehaus.groovy.runtime.memoize.ConcurrentCommonCache.getAndPut(ConcurrentCommonCache.java:147)
	at org.codehaus.groovy.runtime.memoize.ConcurrentCommonCache.getAndPut(ConcurrentCommonCache.java:123)
	at org.codehaus.groovy.runtime.memoize.Memoize$MemoizeFunction.call(Memoize.java:136)
	at groovy.lang.Closure.call(Closure.java:427)
	at nextflow.scm.RepositoryProvider.invokeAndParseResponse(RepositoryProvider.groovy)
	at nextflow.scm.RepositoryProvider.validateRepo(RepositoryProvider.groovy:208)
	at nextflow.scm.RepositoryProvider.validateFor(RepositoryProvider.groovy:201)
	at nextflow.scm.AssetManager.checkValidRemoteRepo(AssetManager.groovy:340)
	at nextflow.scm.AssetManager.download(AssetManager.groovy:547)
	at nextflow.scm.AssetManager.download(AssetManager.groovy)
	at nextflow.cli.CmdRun.getScriptFile(CmdRun.groovy:300)
	at nextflow.cli.CmdRun.run(CmdRun.groovy:214)
	at nextflow.cli.Launcher.run(Launcher.groovy:428)
	at nextflow.cli.Launcher.main(Launcher.groovy:586)
Caused by: java.io.FileNotFoundException: https://api.github.com/repos/nextflow-io/16S-pipeline
	at sun.net.www.protocol.http.HttpURLConnection.getInputStream0(HttpURLConnection.java:1890)
	at sun.net.www.protocol.http.HttpURLConnection.getInputStream(HttpURLConnection.java:1492)
	at java.net.HttpURLConnection.getResponseCode(HttpURLConnection.java:480)
	at sun.net.www.protocol.https.HttpsURLConnectionImpl.getResponseCode(HttpsURLConnectionImpl.java:347)
	at nextflow.scm.RepositoryProvider.checkResponse(RepositoryProvider.groovy:138)
	at nextflow.scm.RepositoryProvider.invoke(RepositoryProvider.groovy:106)
	... 37 common frames omitted
