Nov-13 17:58:07.544 [main] DEBUG nextflow.cli.Launcher - $> /home/cedric/.local/bin/nextflow run ITS-pipeline -profile radis --revRead 1 --its ITS1
Nov-13 17:58:07.666 [main] INFO  nextflow.cli.CmdRun - N E X T F L O W  ~  version 0.31.1
Nov-13 17:58:07.774 [main] DEBUG nextflow.scm.AssetManager - Listing projects in folder: /home/cedric/.nextflow/assets
Nov-13 17:58:07.792 [main] INFO  nextflow.cli.CmdRun - Pulling nextflow-io/ITS-pipeline ...
Nov-13 17:58:07.792 [main] DEBUG nextflow.scm.RepositoryProvider - Request [credentials -:-] -> https://api.github.com/repos/nextflow-io/ITS-pipeline/contents/nextflow.config
Nov-13 17:58:08.845 [main] DEBUG nextflow.scm.RepositoryProvider - Request [credentials -:-] -> https://api.github.com/repos/nextflow-io/ITS-pipeline/contents/main.nf
Nov-13 17:58:09.155 [main] DEBUG nextflow.scm.RepositoryProvider - Request [credentials -:-] -> https://api.github.com/repos/nextflow-io/ITS-pipeline
Nov-13 17:58:09.471 [main] DEBUG nextflow.cli.Launcher - Operation aborted
java.io.FileNotFoundException: https://api.github.com/repos/nextflow-io/ITS-pipeline
	at sun.reflect.NativeConstructorAccessorImpl.newInstance0(Native Method)
	at sun.reflect.NativeConstructorAccessorImpl.newInstance(NativeConstructorAccessorImpl.java:62)
	at sun.reflect.DelegatingConstructorAccessorImpl.newInstance(DelegatingConstructorAccessorImpl.java:45)
	at java.lang.reflect.Constructor.newInstance(Constructor.java:423)
	at sun.net.www.protocol.http.HttpURLConnection$10.run(HttpURLConnection.java:1944)
	at sun.net.www.protocol.http.HttpURLConnection$10.run(HttpURLConnection.java:1939)
	at java.security.AccessController.doPrivileged(Native Method)
	at sun.net.www.protocol.http.HttpURLConnection.getChainedException(HttpURLConnection.java:1938)
	at sun.net.www.protocol.http.HttpURLConnection.getInputStream0(HttpURLConnection.java:1508)
	at sun.net.www.protocol.http.HttpURLConnection.getInputStream(HttpURLConnection.java:1492)
	at sun.net.www.protocol.https.HttpsURLConnectionImpl.getInputStream(HttpsURLConnectionImpl.java:263)
	at nextflow.scm.RepositoryProvider.invoke(RepositoryProvider.groovy:114)
	at nextflow.scm.RepositoryProvider.memoizedMethodPriv$invokeAndParseResponseString(RepositoryProvider.groovy:175)
	at sun.reflect.NativeMethodAccessorImpl.invoke0(Native Method)
	at sun.reflect.NativeMethodAccessorImpl.invoke(NativeMethodAccessorImpl.java:62)
	at sun.reflect.DelegatingMethodAccessorImpl.invoke(DelegatingMethodAccessorImpl.java:43)
	at java.lang.reflect.Method.invoke(Method.java:498)
	at org.codehaus.groovy.reflection.CachedMethod.invoke(CachedMethod.java:98)
	at groovy.lang.MetaMethod.doMethodInvoke(MetaMethod.java:325)
	at groovy.lang.MetaClassImpl.invokeMethod(MetaClassImpl.java:1225)
	at groovy.lang.MetaClassImpl.invokeMethod(MetaClassImpl.java:1034)
	at org.codehaus.groovy.runtime.InvokerHelper.invokePogoMethod(InvokerHelper.java:947)
	at org.codehaus.groovy.runtime.InvokerHelper.invokeMethod(InvokerHelper.java:930)
	at org.codehaus.groovy.runtime.InvokerHelper.invokeMethodSafe(InvokerHelper.java:92)
	at nextflow.scm.RepositoryProvider$_closure1.doCall(RepositoryProvider.groovy)
	at sun.reflect.NativeMethodAccessorImpl.invoke0(Native Method)
	at sun.reflect.NativeMethodAccessorImpl.invoke(NativeMethodAccessorImpl.java:62)
	at sun.reflect.DelegatingMethodAccessorImpl.invoke(DelegatingMethodAccessorImpl.java:43)
	at java.lang.reflect.Method.invoke(Method.java:498)
	at org.codehaus.groovy.reflection.CachedMethod.invoke(CachedMethod.java:98)
	at groovy.lang.MetaMethod.doMethodInvoke(MetaMethod.java:325)
	at org.codehaus.groovy.runtime.metaclass.ClosureMetaClass.invokeMethod(ClosureMetaClass.java:264)
	at groovy.lang.MetaClassImpl.invokeMethod(MetaClassImpl.java:1034)
	at groovy.lang.Closure.call(Closure.java:418)
	at org.codehaus.groovy.runtime.memoize.Memoize$MemoizeFunction.call(Memoize.java:134)
	at groovy.lang.Closure.call(Closure.java:434)
	at nextflow.scm.RepositoryProvider.invokeAndParseResponse(RepositoryProvider.groovy)
	at nextflow.scm.RepositoryProvider.validateRepo(RepositoryProvider.groovy:213)
	at nextflow.scm.RepositoryProvider.validateFor(RepositoryProvider.groovy:206)
	at nextflow.scm.AssetManager.checkValidRemoteRepo(AssetManager.groovy:340)
	at nextflow.scm.AssetManager.download(AssetManager.groovy:539)
	at nextflow.scm.AssetManager.download(AssetManager.groovy)
	at nextflow.cli.CmdRun.getScriptFile(CmdRun.groovy:295)
	at nextflow.cli.CmdRun.run(CmdRun.groovy:210)
	at nextflow.cli.Launcher.run(Launcher.groovy:432)
	at nextflow.cli.Launcher.main(Launcher.groovy:590)
Caused by: java.io.FileNotFoundException: https://api.github.com/repos/nextflow-io/ITS-pipeline
	at sun.net.www.protocol.http.HttpURLConnection.getInputStream0(HttpURLConnection.java:1890)
	at sun.net.www.protocol.http.HttpURLConnection.getInputStream(HttpURLConnection.java:1492)
	at java.net.HttpURLConnection.getResponseCode(HttpURLConnection.java:480)
	at sun.net.www.protocol.https.HttpsURLConnectionImpl.getResponseCode(HttpsURLConnectionImpl.java:347)
	at nextflow.scm.RepositoryProvider.checkResponse(RepositoryProvider.groovy:143)
	at nextflow.scm.RepositoryProvider.invoke(RepositoryProvider.groovy:111)
	... 34 common frames omitted
